<?xml version="1.0" encoding="UTF-8"?>
<testng-results ignored="0" total="2" passed="2" failed="0" skipped="0">
  <reporter-output>
  </reporter-output>
  <suite started-at="2026-04-18T12:26:32 IST" name="Suite" finished-at="2026-04-18T12:26:41 IST" duration-ms="9731">
    <groups>
    </groups>
    <test started-at="2026-04-18T12:26:32 IST" name="SelectMenuTest" finished-at="2026-04-18T12:26:41 IST" duration-ms="9731">
      <class name="tests.SelectMenuTest">
        <test-method is-config="true" signature="launchurl()[pri:0, instance:tests.SelectMenuTest@6b927fb]" started-at="2026-04-18T12:26:32 IST" name="launchurl" finished-at="2026-04-18T12:26:38 IST" duration-ms="6713" status="PASS">
          <reporter-output>
          </reporter-output>
        </test-method> <!-- launchurl -->
        <test-method signature="selectValue()[pri:1, instance:tests.SelectMenuTest@6b927fb]" started-at="2026-04-18T12:26:38 IST" name="selectValue" finished-at="2026-04-18T12:26:39 IST" duration-ms="343" status="PASS">
          <reporter-output>
          </reporter-output>
        </test-method> <!-- selectValue -->
        <test-method signature="changeSelectOneByOne()[pri:2, instance:tests.SelectMenuTest@6b927fb]" started-at="2026-04-18T12:26:39 IST" name="changeSelectOneByOne" finished-at="2026-04-18T12:26:41 IST" duration-ms="2460" status="PASS">
          <reporter-output>
          </reporter-output>
        </test-method> <!-- changeSelectOneByOne -->
        <test-method is-config="true" signature="tearDown()[pri:0, instance:tests.SelectMenuTest@6b927fb]" started-at="2026-04-18T12:26:41 IST" name="tearDown" finished-at="2026-04-18T12:26:41 IST" duration-ms="141" status="PASS">
          <reporter-output>
          </reporter-output>
        </test-method> <!-- tearDown -->
      </class> <!-- tests.SelectMenuTest -->
    </test> <!-- SelectMenuTest -->
  </suite> <!-- Suite -->
</testng-results>
