<?xml version="1.0" encoding="UTF-8"?>
<testng-results ignored="0" total="2" passed="2" failed="0" skipped="0">
  <reporter-output>
  </reporter-output>
  <suite started-at="2026-04-15T19:25:47 IST" name="Default suite" finished-at="2026-04-15T19:25:56 IST" duration-ms="8937">
    <groups>
    </groups>
    <test started-at="2026-04-15T19:25:47 IST" name="Default test" finished-at="2026-04-15T19:25:56 IST" duration-ms="8937">
      <class name="tests.SelectMenuTest">
        <test-method is-config="true" signature="launchurl()[pri:0, instance:tests.SelectMenuTest@3b0090a4]" started-at="2026-04-15T19:25:47 IST" name="launchurl" finished-at="2026-04-15T19:25:54 IST" duration-ms="6367" status="PASS">
          <reporter-output>
          </reporter-output>
        </test-method> <!-- launchurl -->
        <test-method signature="selectValue()[pri:1, instance:tests.SelectMenuTest@3b0090a4]" started-at="2026-04-15T19:25:54 IST" name="selectValue" finished-at="2026-04-15T19:25:54 IST" duration-ms="311" status="PASS">
          <reporter-output>
          </reporter-output>
        </test-method> <!-- selectValue -->
        <test-method signature="changeSelectOneByOne()[pri:2, instance:tests.SelectMenuTest@3b0090a4]" started-at="2026-04-15T19:25:54 IST" name="changeSelectOneByOne" finished-at="2026-04-15T19:25:56 IST" duration-ms="2081" status="PASS">
          <reporter-output>
          </reporter-output>
        </test-method> <!-- changeSelectOneByOne -->
        <test-method is-config="true" signature="tearDown()[pri:0, instance:tests.SelectMenuTest@3b0090a4]" started-at="2026-04-15T19:25:56 IST" name="tearDown" finished-at="2026-04-15T19:25:56 IST" duration-ms="129" status="PASS">
          <reporter-output>
          </reporter-output>
        </test-method> <!-- tearDown -->
      </class> <!-- tests.SelectMenuTest -->
    </test> <!-- Default test -->
  </suite> <!-- Default suite -->
</testng-results>
